build/app/intermediates/manifest_merge_blame_file/debug/manifest-merger-blame-debug-report.txt
1<?xml version="1.0" encoding="utf-8"?>
2<manifest xmlns:android="http://schemas.android.com/apk/res/android"
3    package="com.example.chakri_ase_company"
4    android:versionCode="1"
5    android:versionName="1.0.0" >
6
7    <uses-sdk
8        android:minSdkVersion="20"
9        android:targetSdkVersion="30" />
10    <!--
11         Flutter needs it to communicate with the running application
12         to allow setting breakpoints, to provide hot reload, etc.
13    -->
14    <uses-permission android:name="android.permission.INTERNET" />
14-->src/debug/AndroidManifest.xml:6:5-66
14-->src/debug/AndroidManifest.xml:6:22-64
15
16    <queries>
16-->[:flutter_inappwebview] AndroidManifest.xml:9:5-13:15
17        <intent>
17-->[:flutter_inappwebview] AndroidManifest.xml:10:9-12:18
18            <action android:name="android.support.customtabs.action.CustomTabsService" />
18-->[:flutter_inappwebview] AndroidManifest.xml:11:13-90
18-->[:flutter_inappwebview] AndroidManifest.xml:11:21-87
19        </intent>
20        <intent>
20-->[:file_picker] AndroidManifest.xml:12:9-16:18
21            <action android:name="android.intent.action.GET_CONTENT" />
21-->[:file_picker] AndroidManifest.xml:13:13-72
21-->[:file_picker] AndroidManifest.xml:13:21-69
22
23            <data android:mimeType="*/*" />
23-->[:file_picker] AndroidManifest.xml:15:13-44
23-->[:file_picker] AndroidManifest.xml:15:19-41
24        </intent>
25    </queries>
26
27    <uses-permission android:name="android.permission.READ_EXTERNAL_STORAGE" />
27-->[:file_picker] AndroidManifest.xml:9:5-80
27-->[:file_picker] AndroidManifest.xml:9:22-77
28    <uses-permission android:name="android.permission.ACCESS_NETWORK_STATE" />
28-->[com.google.android.exoplayer:exoplayer-core:2.14.1] AndroidManifest.xml:24:5-79
28-->[com.google.android.exoplayer:exoplayer-core:2.14.1] AndroidManifest.xml:24:22-76
29
30    <application
30-->src/main/AndroidManifest.xml:3:4-40:19
31        android:name="androidx.multidex.MultiDexApplication"
32        android:appComponentFactory="androidx.core.app.CoreComponentFactory"
32-->[androidx.core:core:1.6.0] AndroidManifest.xml:24:18-86
33        android:debuggable="true"
34        android:icon="@mipmap/ic_launcher"
34-->src/main/AndroidManifest.xml:5:9-43
35        android:label="chakri_ase_company" >
35-->src/main/AndroidManifest.xml:4:9-43
36        <activity
36-->src/main/AndroidManifest.xml:6:9-34:20
37            android:name="com.example.chakri_ase_company.MainActivity"
37-->src/main/AndroidManifest.xml:7:13-41
38            android:configChanges="orientation|keyboardHidden|keyboard|screenSize|smallestScreenSize|locale|layoutDirection|fontScale|screenLayout|density|uiMode"
38-->src/main/AndroidManifest.xml:10:13-163
39            android:hardwareAccelerated="true"
39-->src/main/AndroidManifest.xml:11:13-47
40            android:launchMode="singleTop"
40-->src/main/AndroidManifest.xml:8:13-43
41            android:theme="@style/LaunchTheme"
41-->src/main/AndroidManifest.xml:9:13-47
42            android:windowSoftInputMode="adjustResize" >
42-->src/main/AndroidManifest.xml:12:13-55
43
44            <!--
45                 Specifies an Android theme to apply to this Activity as soon as
46                 the Android process has started. This theme is visible to the user
47                 while the Flutter UI initializes. After that, this theme continues
48                 to determine the Window background behind the Flutter UI.
49            -->
50            <meta-data
50-->src/main/AndroidManifest.xml:17:13-20:17
51                android:name="io.flutter.embedding.android.NormalTheme"
51-->src/main/AndroidManifest.xml:18:15-70
52                android:resource="@style/NormalTheme" />
52-->src/main/AndroidManifest.xml:19:15-52
53            <!--
54                 Displays an Android View that continues showing the launch screen
55                 Drawable until Flutter paints its first frame, then this splash
56                 screen fades out. A splash screen is useful to avoid any visual
57                 gap between the end of Android's launch screen and the painting of
58                 Flutter's first frame.
59            -->
60            <!--
61              <meta-data
62              android:name="io.flutter.embedding.android.SplashScreenDrawable"
63              android:resource="@drawable/launch_background"
64              />
65            -->
66            <intent-filter>
66-->src/main/AndroidManifest.xml:30:13-33:29
67                <action android:name="android.intent.action.MAIN" />
67-->src/main/AndroidManifest.xml:31:17-68
67-->src/main/AndroidManifest.xml:31:25-66
68
69                <category android:name="android.intent.category.LAUNCHER" />
69-->src/main/AndroidManifest.xml:32:17-76
69-->src/main/AndroidManifest.xml:32:27-74
70            </intent-filter>
71        </activity>
72        <!--
73             Don't delete the meta-data below.
74             This is used by the Flutter tool to generate GeneratedPluginRegistrant.java
75        -->
76        <meta-data
76-->src/main/AndroidManifest.xml:37:9-39:33
77            android:name="flutterEmbedding"
77-->src/main/AndroidManifest.xml:38:13-44
78            android:value="2" />
78-->src/main/AndroidManifest.xml:39:13-30
79
80        <activity
80-->[:flutter_inappwebview] AndroidManifest.xml:16:9-19:47
81            android:name="com.pichillilorenzo.flutter_inappwebview.in_app_browser.InAppBrowserActivity"
81-->[:flutter_inappwebview] AndroidManifest.xml:17:13-104
82            android:configChanges="orientation|keyboardHidden|keyboard|screenSize|locale|layoutDirection|fontScale|screenLayout|density"
82-->[:flutter_inappwebview] AndroidManifest.xml:18:13-137
83            android:theme="@style/AppTheme" />
83-->[:flutter_inappwebview] AndroidManifest.xml:19:13-44
84        <activity
84-->[:flutter_inappwebview] AndroidManifest.xml:20:9-22:55
85            android:name="com.pichillilorenzo.flutter_inappwebview.chrome_custom_tabs.ChromeCustomTabsActivity"
85-->[:flutter_inappwebview] AndroidManifest.xml:21:13-112
86            android:theme="@style/ThemeTransparent" />
86-->[:flutter_inappwebview] AndroidManifest.xml:22:13-52
87
88        <receiver android:name="com.pichillilorenzo.flutter_inappwebview.chrome_custom_tabs.ActionBroadcastReceiver" />
88-->[:flutter_inappwebview] AndroidManifest.xml:24:9-120
88-->[:flutter_inappwebview] AndroidManifest.xml:24:19-117
89
90        <meta-data
90-->[:flutter_inappwebview] AndroidManifest.xml:26:9-28:36
91            android:name="io.flutter.embedded_views_preview"
91-->[:flutter_inappwebview] AndroidManifest.xml:27:13-61
92            android:value="true" />
92-->[:flutter_inappwebview] AndroidManifest.xml:28:13-33
93
94        <uses-library
94-->[androidx.window:window:1.0.0-beta04] AndroidManifest.xml:25:9-27:40
95            android:name="androidx.window.extensions"
95-->[androidx.window:window:1.0.0-beta04] AndroidManifest.xml:26:13-54
96            android:required="false" />
96-->[androidx.window:window:1.0.0-beta04] AndroidManifest.xml:27:13-37
97        <uses-library
97-->[androidx.window:window:1.0.0-beta04] AndroidManifest.xml:28:9-30:40
98            android:name="androidx.window.sidecar"
98-->[androidx.window:window:1.0.0-beta04] AndroidManifest.xml:29:13-51
99            android:required="false" />
99-->[androidx.window:window:1.0.0-beta04] AndroidManifest.xml:30:13-37
100    </application>
101
102</manifest>